Using pre-set license
Built from '2020.2/staging' branch; Version is '2020.2.6f1 (8a2143876886) revision 9052483'; Using compiler version '192528614'; Build Type 'Release'
OS: 'Windows 10 Pro; OS build 19041.804; Version 2004; 64bit' Language: 'pt' Physical Memory: 8173 MB
BatchMode: 1, IsHumanControllingUs: 0, StartBugReporterOnCrash: 0, Is64bit: 1, IsPro: 0

 COMMAND LINE ARGUMENTS:
C:\Program Files\Unity\Editor\Unity.exe
-adb2
-batchMode
-noUpm
-name
AssetImportWorker2
-projectPath
C:/Users/bissm/Documents/GitHub/DraftDreams
-logFile
Logs/AssetImportWorker2.log
-srvPort
50945
Successfully changed project path to: C:/Users/bissm/Documents/GitHub/DraftDreams
C:/Users/bissm/Documents/GitHub/DraftDreams
Using Asset Import Pipeline V2.
Refreshing native plugins compatible for Editor in 155.20 ms, found 1 plugins.
Preloading 0 native plugins for Editor in 0.00 ms.
Initialize engine version: 2020.2.6f1 (8a2143876886)
[Subsystems] Discovering subsystems at path C:/Program Files/Unity/Editor/Data/Resources/UnitySubsystems
[Subsystems] Discovering subsystems at path C:/Users/bissm/Documents/GitHub/DraftDreams/Assets
GfxDevice: creating device client; threaded=0
Direct3D:
    Version:  Direct3D 11.0 [level 11.1]
    Renderer: AMD Radeon R7 200 Series (ID=0x6658)
    Vendor:   
    VRAM:     1001 MB
    Driver:   22.19.162.4
Initialize mono
Mono path[0] = 'C:/Program Files/Unity/Editor/Data/Managed'
Mono path[1] = 'C:/Program Files/Unity/Editor/Data/MonoBleedingEdge/lib/mono/unityjit'
Mono config path = 'C:/Program Files/Unity/Editor/Data/MonoBleedingEdge/etc'
Using monoOptions --debugger-agent=transport=dt_socket,embedding=1,server=y,suspend=n,address=127.0.0.1:56748
Begin MonoManager ReloadAssembly
Registering precompiled unity dll's ...
Register platform support module: C:/Program Files/Unity/Editor/Data/PlaybackEngines/WindowsStandaloneSupport/UnityEditor.WindowsStandalone.Extensions.dll
Registered in 0.014632 seconds.
Native extension for WindowsStandalone target not found
Refreshing native plugins compatible for Editor in 100.81 ms, found 1 plugins.
Preloading 0 native plugins for Editor in 0.00 ms.
Invoked RoslynAnalysisRunner static constructor.
RoslynAnalysisRunner will not be running.
RoslynAnalysisRunner has terminated.
Mono: successfully reloaded assembly
- Completed reload, in  4.024 seconds
Platform modules already initialized, skipping
Registering precompiled user dll's ...
Registered in 0.003416 seconds.
Begin MonoManager ReloadAssembly
Native extension for WindowsStandalone target not found
Refreshing native plugins compatible for Editor in 96.27 ms, found 1 plugins.
Preloading 0 native plugins for Editor in 0.00 ms.
Invoked RoslynAnalysisRunner static constructor.
RoslynAnalysisRunner will not be running.
RoslynAnalysisRunner has terminated.
Mono: successfully reloaded assembly
- Completed reload, in  5.571 seconds
Platform modules already initialized, skipping
========================================================================
Worker process is ready to serve import requests
Launched and connected shader compiler UnityShaderCompiler.exe after 0.32 seconds
Refreshing native plugins compatible for Editor in 0.62 ms, found 1 plugins.
Preloading 0 native plugins for Editor in 0.00 ms.
Unloading 1796 Unused Serialized files (Serialized files now loaded: 0)
System memory in use before: 84.2 MB.
System memory in use after: 84.3 MB.

Unloading 19 unused Assets to reduce memory usage. Loaded Objects now: 2242.
Total: 51.670184 ms (FindLiveObjects: 0.661956 ms CreateObjectMapping: 0.230267 ms MarkObjects: 50.623473 ms  DeleteObjects: 0.142756 ms)

========================================================================
Received Import Request.
  path: Assets/Player.png
  artifactKey: Guid(906505926c65cd440802b2e5a4e29786) Importer(815301076,1909f56bfc062723c751e8b465ee728b)
Start importing Assets/Player.png using Guid(906505926c65cd440802b2e5a4e29786) Importer(815301076,1909f56bfc062723c751e8b465ee728b)  -> (artifact id: '5b11c6390ff771e9db8f890c604f9ac3') in 0.675996 seconds
  Import took 0.693329 seconds .

========================================================================
Received Import Request.
  Time since last request: 380.351805 seconds.
  path: Assets/Square.png
  artifactKey: Guid(63d1a812ee36c45488243272baf4e6b2) Importer(815301076,1909f56bfc062723c751e8b465ee728b)
Start importing Assets/Square.png using Guid(63d1a812ee36c45488243272baf4e6b2) Importer(815301076,1909f56bfc062723c751e8b465ee728b)  -> (artifact id: 'd849b09b39d0f7d01a3530c5d4df5a05') in 0.056239 seconds
  Import took 0.063469 seconds .

========================================================================
Received Import Request.
  Time since last request: 112.400763 seconds.
  path: Assets/Move2D.cs
  artifactKey: Guid(15e4d2dc74ad2a04d94c1273ff4d8b95) Importer(815301076,1909f56bfc062723c751e8b465ee728b)
Start importing Assets/Move2D.cs using Guid(15e4d2dc74ad2a04d94c1273ff4d8b95) Importer(815301076,1909f56bfc062723c751e8b465ee728b)  -> (artifact id: 'f880ed2f4f9889007add5ad3af453ed8') in 0.043646 seconds
  Import took 0.049346 seconds .

========================================================================
Received Import Request.
  Time since last request: 7.495530 seconds.
  path: Assets/Move2D.cs
  artifactKey: Guid(15e4d2dc74ad2a04d94c1273ff4d8b95) Importer(815301076,1909f56bfc062723c751e8b465ee728b)
Start importing Assets/Move2D.cs using Guid(15e4d2dc74ad2a04d94c1273ff4d8b95) Importer(815301076,1909f56bfc062723c751e8b465ee728b)  -> (artifact id: 'f880ed2f4f9889007add5ad3af453ed8') in 0.018429 seconds
  Import took 0.027812 seconds .

========================================================================
Received Prepare
Registering precompiled user dll's ...
Registered in 0.004725 seconds.
Begin MonoManager ReloadAssembly
Native extension for WindowsStandalone target not found
Refreshing native plugins compatible for Editor in 0.81 ms, found 1 plugins.
Preloading 0 native plugins for Editor in 0.00 ms.
Invoked RoslynAnalysisRunner static constructor.
RoslynAnalysisRunner will not be running.
RoslynAnalysisRunner has terminated.
Mono: successfully reloaded assembly
- Completed reload, in  2.899 seconds
Platform modules already initialized, skipping
Refreshing native plugins compatible for Editor in 1.28 ms, found 1 plugins.
Preloading 0 native plugins for Editor in 0.00 ms.
Unloading 1787 Unused Serialized files (Serialized files now loaded: 0)
System memory in use before: 86.9 MB.
System memory in use after: 87.1 MB.

Unloading 7 unused Assets to reduce memory usage. Loaded Objects now: 2254.
Total: 4.479689 ms (FindLiveObjects: 0.457111 ms CreateObjectMapping: 0.144222 ms MarkObjects: 3.830934 ms  DeleteObjects: 0.037644 ms)

========================================================================
Received Prepare
Registering precompiled user dll's ...
Registered in 0.033402 seconds.
Begin MonoManager ReloadAssembly
Native extension for WindowsStandalone target not found
Refreshing native plugins compatible for Editor in 1.02 ms, found 1 plugins.
Preloading 0 native plugins for Editor in 0.00 ms.
Invoked RoslynAnalysisRunner static constructor.
RoslynAnalysisRunner will not be running.
RoslynAnalysisRunner has terminated.
Mono: successfully reloaded assembly
- Completed reload, in  2.960 seconds
Platform modules already initialized, skipping
Refreshing native plugins compatible for Editor in 0.79 ms, found 1 plugins.
Preloading 0 native plugins for Editor in 0.00 ms.
Unloading 1787 Unused Serialized files (Serialized files now loaded: 0)
System memory in use before: 87.0 MB.
System memory in use after: 87.1 MB.

Unloading 7 unused Assets to reduce memory usage. Loaded Objects now: 2257.
Total: 4.108623 ms (FindLiveObjects: 0.585200 ms CreateObjectMapping: 0.141778 ms MarkObjects: 3.326889 ms  DeleteObjects: 0.046444 ms)

========================================================================
Received Prepare
Registering precompiled user dll's ...
Registered in 0.004268 seconds.
Begin MonoManager ReloadAssembly
Native extension for WindowsStandalone target not found
Refreshing native plugins compatible for Editor in 0.89 ms, found 1 plugins.
Preloading 0 native plugins for Editor in 0.00 ms.
Invoked RoslynAnalysisRunner static constructor.
RoslynAnalysisRunner will not be running.
RoslynAnalysisRunner has terminated.
Mono: successfully reloaded assembly
- Completed reload, in  3.194 seconds
Platform modules already initialized, skipping
Refreshing native plugins compatible for Editor in 0.73 ms, found 1 plugins.
Preloading 0 native plugins for Editor in 0.00 ms.
Unloading 1787 Unused Serialized files (Serialized files now loaded: 0)
System memory in use before: 87.0 MB.
System memory in use after: 87.1 MB.

Unloading 7 unused Assets to reduce memory usage. Loaded Objects now: 2260.
Total: 4.041156 ms (FindLiveObjects: 0.737733 ms CreateObjectMapping: 0.132978 ms MarkObjects: 3.124489 ms  DeleteObjects: 0.036667 ms)

========================================================================
Received Prepare
Registering precompiled user dll's ...
Registered in 0.005562 seconds.
Begin MonoManager ReloadAssembly
Native extension for WindowsStandalone target not found
Refreshing native plugins compatible for Editor in 0.92 ms, found 1 plugins.
Preloading 0 native plugins for Editor in 0.00 ms.
Invoked RoslynAnalysisRunner static constructor.
RoslynAnalysisRunner will not be running.
RoslynAnalysisRunner has terminated.
Mono: successfully reloaded assembly
- Completed reload, in  3.435 seconds
Platform modules already initialized, skipping
Refreshing native plugins compatible for Editor in 1.10 ms, found 1 plugins.
Preloading 0 native plugins for Editor in 0.00 ms.
Unloading 1787 Unused Serialized files (Serialized files now loaded: 0)
System memory in use before: 87.0 MB.
System memory in use after: 87.1 MB.

Unloading 7 unused Assets to reduce memory usage. Loaded Objects now: 2263.
Total: 3.160178 ms (FindLiveObjects: 0.380844 ms CreateObjectMapping: 0.098267 ms MarkObjects: 2.650267 ms  DeleteObjects: 0.022000 ms)

========================================================================
Received Prepare
Registering precompiled user dll's ...
Registered in 0.004218 seconds.
Begin MonoManager ReloadAssembly
Native extension for WindowsStandalone target not found
Refreshing native plugins compatible for Editor in 3.61 ms, found 1 plugins.
Preloading 0 native plugins for Editor in 0.00 ms.
Invoked RoslynAnalysisRunner static constructor.
RoslynAnalysisRunner will not be running.
RoslynAnalysisRunner has terminated.
Mono: successfully reloaded assembly
- Completed reload, in  5.157 seconds
Platform modules already initialized, skipping
Refreshing native plugins compatible for Editor in 0.66 ms, found 1 plugins.
Preloading 0 native plugins for Editor in 0.00 ms.
Unloading 1787 Unused Serialized files (Serialized files now loaded: 0)
System memory in use before: 87.0 MB.
System memory in use after: 87.1 MB.

Unloading 7 unused Assets to reduce memory usage. Loaded Objects now: 2266.
Total: 5.107423 ms (FindLiveObjects: 0.505022 ms CreateObjectMapping: 0.149600 ms MarkObjects: 4.402445 ms  DeleteObjects: 0.040578 ms)

========================================================================
Received Import Request.
  Time since last request: 2255.741939 seconds.
  path: ProjectSettings/TagManager.asset
  artifactKey: Guid(00000000000000003000000000000000) Importer(815301076,1909f56bfc062723c751e8b465ee728b)
Start importing ProjectSettings/TagManager.asset using Guid(00000000000000003000000000000000) Importer(815301076,1909f56bfc062723c751e8b465ee728b)  -> (artifact id: 'bfe9282ef8090b88199819c156ab0028') in 0.402155 seconds
  Import took 0.450458 seconds .

========================================================================
Received Prepare
Registering precompiled user dll's ...
Registered in 0.005520 seconds.
Begin MonoManager ReloadAssembly
Native extension for WindowsStandalone target not found
Refreshing native plugins compatible for Editor in 0.85 ms, found 1 plugins.
Preloading 0 native plugins for Editor in 0.00 ms.
Invoked RoslynAnalysisRunner static constructor.
RoslynAnalysisRunner will not be running.
RoslynAnalysisRunner has terminated.
Mono: successfully reloaded assembly
- Completed reload, in  3.717 seconds
Platform modules already initialized, skipping
Refreshing native plugins compatible for Editor in 0.84 ms, found 1 plugins.
Preloading 0 native plugins for Editor in 0.00 ms.
Unloading 1787 Unused Serialized files (Serialized files now loaded: 0)
System memory in use before: 87.0 MB.
System memory in use after: 87.2 MB.

Unloading 8 unused Assets to reduce memory usage. Loaded Objects now: 2269.
Total: 6.630312 ms (FindLiveObjects: 0.678578 ms CreateObjectMapping: 0.153022 ms MarkObjects: 5.733201 ms  DeleteObjects: 0.054267 ms)

========================================================================
Received Prepare
Registering precompiled user dll's ...
Registered in 0.004962 seconds.
Begin MonoManager ReloadAssembly
Native extension for WindowsStandalone target not found
Refreshing native plugins compatible for Editor in 1.13 ms, found 1 plugins.
Preloading 0 native plugins for Editor in 0.00 ms.
Invoked RoslynAnalysisRunner static constructor.
RoslynAnalysisRunner will not be running.
RoslynAnalysisRunner has terminated.
Mono: successfully reloaded assembly
- Completed reload, in  3.704 seconds
Platform modules already initialized, skipping
Refreshing native plugins compatible for Editor in 0.89 ms, found 1 plugins.
Preloading 0 native plugins for Editor in 0.00 ms.
Unloading 1787 Unused Serialized files (Serialized files now loaded: 0)
System memory in use before: 87.0 MB.
System memory in use after: 87.2 MB.

Unloading 7 unused Assets to reduce memory usage. Loaded Objects now: 2272.
Total: 28.517870 ms (FindLiveObjects: 0.441956 ms CreateObjectMapping: 0.104133 ms MarkObjects: 27.921915 ms  DeleteObjects: 0.039600 ms)

========================================================================
Received Prepare
Registering precompiled user dll's ...
Registered in 0.004409 seconds.
Begin MonoManager ReloadAssembly
Native extension for WindowsStandalone target not found
Refreshing native plugins compatible for Editor in 0.86 ms, found 1 plugins.
Preloading 0 native plugins for Editor in 0.00 ms.
Invoked RoslynAnalysisRunner static constructor.
RoslynAnalysisRunner will not be running.
RoslynAnalysisRunner has terminated.
Mono: successfully reloaded assembly
- Completed reload, in  3.708 seconds
Platform modules already initialized, skipping
Refreshing native plugins compatible for Editor in 0.70 ms, found 1 plugins.
Preloading 0 native plugins for Editor in 0.00 ms.
Unloading 1787 Unused Serialized files (Serialized files now loaded: 0)
System memory in use before: 87.1 MB.
System memory in use after: 87.2 MB.

Unloading 7 unused Assets to reduce memory usage. Loaded Objects now: 2275.
Total: 6.703156 ms (FindLiveObjects: 0.863378 ms CreateObjectMapping: 0.265467 ms MarkObjects: 5.527378 ms  DeleteObjects: 0.037644 ms)

========================================================================
Received Prepare
Registering precompiled user dll's ...
Registered in 0.008554 seconds.
Begin MonoManager ReloadAssembly
Native extension for WindowsStandalone target not found
Refreshing native plugins compatible for Editor in 0.86 ms, found 1 plugins.
Preloading 0 native plugins for Editor in 0.00 ms.
Invoked RoslynAnalysisRunner static constructor.
RoslynAnalysisRunner will not be running.
RoslynAnalysisRunner has terminated.
Mono: successfully reloaded assembly
- Completed reload, in  3.997 seconds
Platform modules already initialized, skipping
Refreshing native plugins compatible for Editor in 0.92 ms, found 1 plugins.
Preloading 0 native plugins for Editor in 0.00 ms.
Unloading 1787 Unused Serialized files (Serialized files now loaded: 0)
System memory in use before: 87.1 MB.
System memory in use after: 87.2 MB.

Unloading 7 unused Assets to reduce memory usage. Loaded Objects now: 2278.
Total: 6.241645 ms (FindLiveObjects: 1.690089 ms CreateObjectMapping: 0.210711 ms MarkObjects: 4.290978 ms  DeleteObjects: 0.041067 ms)

========================================================================
Received Prepare
Registering precompiled user dll's ...
Registered in 0.005756 seconds.
Begin MonoManager ReloadAssembly
Native extension for WindowsStandalone target not found
Refreshing native plugins compatible for Editor in 0.84 ms, found 1 plugins.
Preloading 0 native plugins for Editor in 0.00 ms.
Invoked RoslynAnalysisRunner static constructor.
RoslynAnalysisRunner will not be running.
RoslynAnalysisRunner has terminated.
Mono: successfully reloaded assembly
- Completed reload, in  3.818 seconds
Platform modules already initialized, skipping
Refreshing native plugins compatible for Editor in 0.98 ms, found 1 plugins.
Preloading 0 native plugins for Editor in 0.00 ms.
Unloading 1787 Unused Serialized files (Serialized files now loaded: 0)
System memory in use before: 87.1 MB.
System memory in use after: 87.2 MB.

Unloading 7 unused Assets to reduce memory usage. Loaded Objects now: 2281.
Total: 5.326934 ms (FindLiveObjects: 0.547556 ms CreateObjectMapping: 0.102667 ms MarkObjects: 4.620978 ms  DeleteObjects: 0.045956 ms)

========================================================================
Received Prepare
Registering precompiled user dll's ...
Registered in 0.005658 seconds.
Begin MonoManager ReloadAssembly
Native extension for WindowsStandalone target not found
Refreshing native plugins compatible for Editor in 0.82 ms, found 1 plugins.
Preloading 0 native plugins for Editor in 0.00 ms.
Invoked RoslynAnalysisRunner static constructor.
RoslynAnalysisRunner will not be running.
RoslynAnalysisRunner has terminated.
Mono: successfully reloaded assembly
- Completed reload, in  2.926 seconds
Platform modules already initialized, skipping
Refreshing native plugins compatible for Editor in 0.97 ms, found 1 plugins.
Preloading 0 native plugins for Editor in 0.00 ms.
Unloading 1787 Unused Serialized files (Serialized files now loaded: 0)
System memory in use before: 87.1 MB.
System memory in use after: 87.2 MB.

Unloading 7 unused Assets to reduce memory usage. Loaded Objects now: 2284.
Total: 5.832934 ms (FindLiveObjects: 0.854578 ms CreateObjectMapping: 0.320222 ms MarkObjects: 4.570134 ms  DeleteObjects: 0.077244 ms)

========================================================================
Received Prepare
Registering precompiled user dll's ...
Registered in 0.006396 seconds.
Begin MonoManager ReloadAssembly
Native extension for WindowsStandalone target not found
Refreshing native plugins compatible for Editor in 0.79 ms, found 1 plugins.
Preloading 0 native plugins for Editor in 0.00 ms.
Invoked RoslynAnalysisRunner static constructor.
RoslynAnalysisRunner will not be running.
RoslynAnalysisRunner has terminated.
Mono: successfully reloaded assembly
- Completed reload, in  2.848 seconds
Platform modules already initialized, skipping
Refreshing native plugins compatible for Editor in 0.75 ms, found 1 plugins.
Preloading 0 native plugins for Editor in 0.00 ms.
Unloading 1787 Unused Serialized files (Serialized files now loaded: 0)
System memory in use before: 87.1 MB.
System memory in use after: 87.2 MB.

Unloading 7 unused Assets to reduce memory usage. Loaded Objects now: 2287.
Total: 4.065601 ms (FindLiveObjects: 0.594000 ms CreateObjectMapping: 0.137867 ms MarkObjects: 3.287778 ms  DeleteObjects: 0.037156 ms)

========================================================================
Received Prepare
Registering precompiled user dll's ...
Registered in 0.004677 seconds.
Begin MonoManager ReloadAssembly
Native extension for WindowsStandalone target not found
Refreshing native plugins compatible for Editor in 0.81 ms, found 1 plugins.
Preloading 0 native plugins for Editor in 0.00 ms.
Invalid AssetDatabase path: /Editor/EditorResources/cm_logo_sm.png. Use path relative to the project folder.
UnityEngine.StackTraceUtility:ExtractStackTrace ()
UnityEditor.AssetDatabase:LoadAssetAtPath<UnityEngine.Texture2D> (string)
Cinemachine.Editor.CinemachineSettings:get_CinemachineLogoTexture () (at Library/PackageCache/com.unity.cinemachine@2.6.3/Editor/Windows/CinemachineSettings.cs:205)
Cinemachine.Editor.CinemachineSettings:.cctor () (at Library/PackageCache/com.unity.cinemachine@2.6.3/Editor/Windows/CinemachineSettings.cs:237)
Cinemachine.CinemachineColliderPrefs:.cctor () (at Library/PackageCache/com.unity.cinemachine@2.6.3/Editor/Windows/CinemachineColliderPrefs.cs:61)
System.Runtime.CompilerServices.RuntimeHelpers:RunClassConstructor (System.RuntimeTypeHandle)
UnityEditor.EditorAssemblies:ProcessInitializeOnLoadAttributes (System.Type[])

[Library/PackageCache/com.unity.cinemachine@2.6.3/Editor/Windows/CinemachineSettings.cs line 205]

Invoked RoslynAnalysisRunner static constructor.
RoslynAnalysisRunner will not be running.
RoslynAnalysisRunner has terminated.
Mono: successfully reloaded assembly
- Completed reload, in  3.020 seconds
Platform modules already initialized, skipping
Refreshing native plugins compatible for Editor in 0.77 ms, found 1 plugins.
Preloading 0 native plugins for Editor in 0.00 ms.
Unloading 1933 Unused Serialized files (Serialized files now loaded: 0)
System memory in use before: 92.2 MB.
System memory in use after: 92.3 MB.

Unloading 8 unused Assets to reduce memory usage. Loaded Objects now: 2435.
Total: 4.411245 ms (FindLiveObjects: 0.586178 ms CreateObjectMapping: 0.142756 ms MarkObjects: 3.477467 ms  DeleteObjects: 0.195556 ms)

========================================================================
Received Prepare
Registering precompiled user dll's ...
Registered in 0.005819 seconds.
Begin MonoManager ReloadAssembly
Native extension for WindowsStandalone target not found
Refreshing native plugins compatible for Editor in 0.91 ms, found 1 plugins.
Preloading 0 native plugins for Editor in 0.00 ms.
Invoked RoslynAnalysisRunner static constructor.
RoslynAnalysisRunner will not be running.
RoslynAnalysisRunner has terminated.
Mono: successfully reloaded assembly
- Completed reload, in  3.279 seconds
Platform modules already initialized, skipping
Refreshing native plugins compatible for Editor in 0.74 ms, found 1 plugins.
Preloading 0 native plugins for Editor in 0.00 ms.
Unloading 1934 Unused Serialized files (Serialized files now loaded: 0)
System memory in use before: 92.3 MB.
System memory in use after: 92.4 MB.

Unloading 9 unused Assets to reduce memory usage. Loaded Objects now: 2439.
Total: 4.604356 ms (FindLiveObjects: 0.574933 ms CreateObjectMapping: 0.171600 ms MarkObjects: 3.760045 ms  DeleteObjects: 0.087022 ms)

========================================================================
Received Prepare
Registering precompiled user dll's ...
Registered in 0.004628 seconds.
Begin MonoManager ReloadAssembly
Native extension for WindowsStandalone target not found
Refreshing native plugins compatible for Editor in 0.70 ms, found 1 plugins.
Preloading 0 native plugins for Editor in 0.00 ms.
Invoked RoslynAnalysisRunner static constructor.
RoslynAnalysisRunner will not be running.
RoslynAnalysisRunner has terminated.
Mono: successfully reloaded assembly
- Completed reload, in  3.117 seconds
Platform modules already initialized, skipping
Refreshing native plugins compatible for Editor in 0.90 ms, found 1 plugins.
Preloading 0 native plugins for Editor in 0.00 ms.
Unloading 1933 Unused Serialized files (Serialized files now loaded: 0)
System memory in use before: 92.3 MB.
System memory in use after: 92.4 MB.

Unloading 9 unused Assets to reduce memory usage. Loaded Objects now: 2442.
Total: 4.906978 ms (FindLiveObjects: 0.628711 ms CreateObjectMapping: 0.171600 ms MarkObjects: 4.010356 ms  DeleteObjects: 0.086533 ms)

========================================================================
Received Prepare
Registering precompiled user dll's ...
Registered in 0.004829 seconds.
Begin MonoManager ReloadAssembly
Native extension for WindowsStandalone target not found
Refreshing native plugins compatible for Editor in 0.96 ms, found 1 plugins.
Preloading 0 native plugins for Editor in 0.00 ms.
Invoked RoslynAnalysisRunner static constructor.
RoslynAnalysisRunner will not be running.
RoslynAnalysisRunner has terminated.
Mono: successfully reloaded assembly
- Completed reload, in  3.200 seconds
Platform modules already initialized, skipping
Refreshing native plugins compatible for Editor in 0.86 ms, found 1 plugins.
Preloading 0 native plugins for Editor in 0.00 ms.
Unloading 1933 Unused Serialized files (Serialized files now loaded: 0)
System memory in use before: 92.3 MB.
System memory in use after: 92.4 MB.

Unloading 9 unused Assets to reduce memory usage. Loaded Objects now: 2445.
Total: 4.048489 ms (FindLiveObjects: 0.541689 ms CreateObjectMapping: 0.163778 ms MarkObjects: 3.245734 ms  DeleteObjects: 0.088000 ms)

========================================================================
Received Prepare
Registering precompiled user dll's ...
Registered in 0.006976 seconds.
Begin MonoManager ReloadAssembly
Native extension for WindowsStandalone target not found
Refreshing native plugins compatible for Editor in 1.16 ms, found 1 plugins.
Preloading 0 native plugins for Editor in 0.00 ms.
Invoked RoslynAnalysisRunner static constructor.
RoslynAnalysisRunner will not be running.
RoslynAnalysisRunner has terminated.
Mono: successfully reloaded assembly
- Completed reload, in  2.989 seconds
Platform modules already initialized, skipping
Refreshing native plugins compatible for Editor in 0.61 ms, found 1 plugins.
Preloading 0 native plugins for Editor in 0.00 ms.
Unloading 1933 Unused Serialized files (Serialized files now loaded: 0)
System memory in use before: 92.3 MB.
System memory in use after: 92.4 MB.

Unloading 9 unused Assets to reduce memory usage. Loaded Objects now: 2448.
Total: 4.056801 ms (FindLiveObjects: 0.635556 ms CreateObjectMapping: 0.125156 ms MarkObjects: 3.200756 ms  DeleteObjects: 0.086533 ms)

========================================================================
Received Import Request.
  Time since last request: 4296.026114 seconds.
  path: Assets/Scenes/Sprits
  artifactKey: Guid(b23cd8eafd648304c94234048d0328c6) Importer(815301076,1909f56bfc062723c751e8b465ee728b)
Start importing Assets/Scenes/Sprits using Guid(b23cd8eafd648304c94234048d0328c6) Importer(815301076,1909f56bfc062723c751e8b465ee728b)  -> (artifact id: '913c3d1da704248e88f2f5044ee7e019') in 0.040980 seconds
  Import took 0.051709 seconds .

========================================================================
Received Prepare
Registering precompiled user dll's ...
Registered in 0.004316 seconds.
Begin MonoManager ReloadAssembly
Native extension for WindowsStandalone target not found
Refreshing native plugins compatible for Editor in 0.81 ms, found 1 plugins.
Preloading 0 native plugins for Editor in 0.00 ms.
Invoked RoslynAnalysisRunner static constructor.
RoslynAnalysisRunner will not be running.
RoslynAnalysisRunner has terminated.
Mono: successfully reloaded assembly
- Completed reload, in  2.844 seconds
Platform modules already initialized, skipping
Refreshing native plugins compatible for Editor in 0.71 ms, found 1 plugins.
Preloading 0 native plugins for Editor in 0.00 ms.
Unloading 1933 Unused Serialized files (Serialized files now loaded: 0)
System memory in use before: 92.3 MB.
System memory in use after: 92.4 MB.

Unloading 9 unused Assets to reduce memory usage. Loaded Objects now: 2451.
Total: 4.435201 ms (FindLiveObjects: 0.654622 ms CreateObjectMapping: 0.158889 ms MarkObjects: 3.530756 ms  DeleteObjects: 0.081644 ms)

========================================================================
Received Import Request.
  Time since last request: 50.704901 seconds.
  path: Assets/Scenes/Scripts/Move2D.cs
  artifactKey: Guid(15e4d2dc74ad2a04d94c1273ff4d8b95) Importer(815301076,1909f56bfc062723c751e8b465ee728b)
Start importing Assets/Scenes/Scripts/Move2D.cs using Guid(15e4d2dc74ad2a04d94c1273ff4d8b95) Importer(815301076,1909f56bfc062723c751e8b465ee728b)  -> (artifact id: 'ba467130cee01226abb12b8c78c9a04e') in 0.029755 seconds
  Import took 0.036347 seconds .

========================================================================
Received Import Request.
  Time since last request: 0.005899 seconds.
  path: Assets/Scenes/Scripts/Move2D.cs
  artifactKey: Guid(15e4d2dc74ad2a04d94c1273ff4d8b95) Importer(815301076,1909f56bfc062723c751e8b465ee728b)
Start importing Assets/Scenes/Scripts/Move2D.cs using Guid(15e4d2dc74ad2a04d94c1273ff4d8b95) Importer(815301076,1909f56bfc062723c751e8b465ee728b)  -> (artifact id: 'ba467130cee01226abb12b8c78c9a04e') in 0.014399 seconds
  Import took 0.021693 seconds .

========================================================================
Received Prepare
Registering precompiled user dll's ...
Registered in 0.004515 seconds.
Begin MonoManager ReloadAssembly
Native extension for WindowsStandalone target not found
Refreshing native plugins compatible for Editor in 0.65 ms, found 1 plugins.
Preloading 0 native plugins for Editor in 0.00 ms.
Invoked RoslynAnalysisRunner static constructor.
RoslynAnalysisRunner will not be running.
RoslynAnalysisRunner has terminated.
Mono: successfully reloaded assembly
- Completed reload, in  3.259 seconds
Platform modules already initialized, skipping
Refreshing native plugins compatible for Editor in 0.85 ms, found 1 plugins.
Preloading 0 native plugins for Editor in 0.00 ms.
Unloading 1933 Unused Serialized files (Serialized files now loaded: 0)
System memory in use before: 92.3 MB.
System memory in use after: 92.4 MB.

Unloading 9 unused Assets to reduce memory usage. Loaded Objects now: 2454.
Total: 3.877378 ms (FindLiveObjects: 0.545111 ms CreateObjectMapping: 0.151556 ms MarkObjects: 3.073156 ms  DeleteObjects: 0.097778 ms)

========================================================================
Received Import Request.
  Time since last request: 13.665490 seconds.
  path: Assets/Scenes/Scripts/Player.cs
  artifactKey: Guid(15e4d2dc74ad2a04d94c1273ff4d8b95) Importer(815301076,1909f56bfc062723c751e8b465ee728b)
Start importing Assets/Scenes/Scripts/Player.cs using Guid(15e4d2dc74ad2a04d94c1273ff4d8b95) Importer(815301076,1909f56bfc062723c751e8b465ee728b)  -> (artifact id: '0e357bb1d6744f07e5451fc0b2e0c2f3') in 0.036169 seconds
  Import took 0.043451 seconds .

========================================================================
Received Prepare
Registering precompiled user dll's ...
Registered in 0.005035 seconds.
Begin MonoManager ReloadAssembly
Native extension for WindowsStandalone target not found
Refreshing native plugins compatible for Editor in 0.85 ms, found 1 plugins.
Preloading 0 native plugins for Editor in 0.00 ms.
Invoked RoslynAnalysisRunner static constructor.
RoslynAnalysisRunner will not be running.
RoslynAnalysisRunner has terminated.
Mono: successfully reloaded assembly
- Completed reload, in  2.871 seconds
Platform modules already initialized, skipping
Refreshing native plugins compatible for Editor in 0.71 ms, found 1 plugins.
Preloading 0 native plugins for Editor in 0.00 ms.
Unloading 1933 Unused Serialized files (Serialized files now loaded: 0)
System memory in use before: 92.3 MB.
System memory in use after: 92.4 MB.

Unloading 9 unused Assets to reduce memory usage. Loaded Objects now: 2457.
Total: 5.260934 ms (FindLiveObjects: 0.647778 ms CreateObjectMapping: 0.179422 ms MarkObjects: 4.319823 ms  DeleteObjects: 0.104133 ms)

